[debug] [2025-11-24T21:41:47.827Z] ----------------------------------------------------------------------
[debug] [2025-11-24T21:41:47.828Z] Command:       /usr/local/bin/node /usr/local/bin/firebase deploy --only apphosting
[debug] [2025-11-24T21:41:47.828Z] CLI Version:   14.24.0
[debug] [2025-11-24T21:41:47.829Z] Platform:      darwin
[debug] [2025-11-24T21:41:47.829Z] Node Version:  v24.11.0
[debug] [2025-11-24T21:41:47.829Z] Time:          Mon Nov 24 2025 16:41:47 GMT-0500 (Eastern Standard Time)
[debug] [2025-11-24T21:41:47.829Z] ----------------------------------------------------------------------
[debug] 
[debug] [2025-11-24T21:41:47.829Z] >>> [apiv2][query] GET https://firebase-public.firebaseio.com/cli.json [none]
[debug] [2025-11-24T21:41:47.923Z] > command requires scopes: ["email","openid","https://www.googleapis.com/auth/cloudplatformprojects.readonly","https://www.googleapis.com/auth/firebase","https://www.googleapis.com/auth/cloud-platform"]
[debug] [2025-11-24T21:41:47.923Z] > authorizing via signed-in user (princedonkor@google.com)
[debug] [2025-11-24T21:41:47.923Z] [iam] checking project fah-bug-bashing-project-prince for permissions ["firebase.projects.get",null]
[debug] [2025-11-24T21:41:47.923Z] Checked if tokens are valid: false, expires at: 1763588408470
[debug] [2025-11-24T21:41:47.923Z] Checked if tokens are valid: false, expires at: 1763588408470
[debug] [2025-11-24T21:41:47.923Z] > refreshing access token with scopes: []
[debug] [2025-11-24T21:41:47.924Z] >>> [apiv2][query] POST https://www.googleapis.com/oauth2/v3/token [none]
[debug] [2025-11-24T21:41:47.924Z] >>> [apiv2][body] POST https://www.googleapis.com/oauth2/v3/token [omitted]
[debug] [2025-11-24T21:41:48.033Z] <<< [apiv2][status] GET https://firebase-public.firebaseio.com/cli.json 200
[debug] [2025-11-24T21:41:48.033Z] <<< [apiv2][body] GET https://firebase-public.firebaseio.com/cli.json {"cloudBuildErrorAfter":1594252800000,"cloudBuildWarnAfter":1590019200000,"defaultNode10After":1594252800000,"minVersion":"3.0.5","node8DeploysDisabledAfter":1613390400000,"node8RuntimeDisabledAfter":1615809600000,"node8WarnAfter":1600128000000}
[debug] [2025-11-24T21:41:48.056Z] <<< [apiv2][status] POST https://www.googleapis.com/oauth2/v3/token 200
[debug] [2025-11-24T21:41:48.056Z] <<< [apiv2][body] POST https://www.googleapis.com/oauth2/v3/token [omitted]
[debug] [2025-11-24T21:41:48.065Z] >>> [apiv2][query] POST https://cloudresourcemanager.googleapis.com/v1/projects/fah-bug-bashing-project-prince:testIamPermissions [none]
[debug] [2025-11-24T21:41:48.065Z] >>> [apiv2][(partial)header] POST https://cloudresourcemanager.googleapis.com/v1/projects/fah-bug-bashing-project-prince:testIamPermissions x-goog-quota-user=projects/fah-bug-bashing-project-prince
[debug] [2025-11-24T21:41:48.065Z] >>> [apiv2][body] POST https://cloudresourcemanager.googleapis.com/v1/projects/fah-bug-bashing-project-prince:testIamPermissions {"permissions":["firebase.projects.get",null]}
[debug] [2025-11-24T21:41:48.336Z] <<< [apiv2][status] POST https://cloudresourcemanager.googleapis.com/v1/projects/fah-bug-bashing-project-prince:testIamPermissions 200
[debug] [2025-11-24T21:41:48.337Z] <<< [apiv2][body] POST https://cloudresourcemanager.googleapis.com/v1/projects/fah-bug-bashing-project-prince:testIamPermissions {"permissions":["firebase.projects.get"]}
[debug] [2025-11-24T21:41:48.337Z] [iam] error while checking permissions, command may fail: Authorization failed. This account is missing the following required permissions on project fah-bug-bashing-project-prince:

  
[info] 
[info] === Deploying to 'fah-bug-bashing-project-prince'...
[info] 
[info] i  deploying apphosting 
[debug] [2025-11-24T21:41:48.341Z] Checked if tokens are valid: true, expires at: 1764024107056
[debug] [2025-11-24T21:41:48.341Z] Checked if tokens are valid: true, expires at: 1764024107056
[debug] [2025-11-24T21:41:48.341Z] >>> [apiv2][query] POST https://iam.googleapis.com/v1/projects/fah-bug-bashing-project-prince/serviceAccounts/firebase-app-hosting-compute@fah-bug-bashing-project-prince.iam.gserviceaccount.com:testIamPermissions [none]
[debug] [2025-11-24T21:41:48.341Z] >>> [apiv2][(partial)header] POST https://iam.googleapis.com/v1/projects/fah-bug-bashing-project-prince/serviceAccounts/firebase-app-hosting-compute@fah-bug-bashing-project-prince.iam.gserviceaccount.com:testIamPermissions x-goog-quota-user=projects/fah-bug-bashing-project-prince
[debug] [2025-11-24T21:41:48.341Z] >>> [apiv2][body] POST https://iam.googleapis.com/v1/projects/fah-bug-bashing-project-prince/serviceAccounts/firebase-app-hosting-compute@fah-bug-bashing-project-prince.iam.gserviceaccount.com:testIamPermissions {"permissions":["iam.serviceAccounts.actAs"]}
[debug] [2025-11-24T21:41:48.651Z] <<< [apiv2][status] POST https://iam.googleapis.com/v1/projects/fah-bug-bashing-project-prince/serviceAccounts/firebase-app-hosting-compute@fah-bug-bashing-project-prince.iam.gserviceaccount.com:testIamPermissions 200
[debug] [2025-11-24T21:41:48.652Z] <<< [apiv2][body] POST https://iam.googleapis.com/v1/projects/fah-bug-bashing-project-prince/serviceAccounts/firebase-app-hosting-compute@fah-bug-bashing-project-prince.iam.gserviceaccount.com:testIamPermissions {"permissions":["iam.serviceAccounts.actAs"]}
[debug] [2025-11-24T21:41:48.652Z] Checked if tokens are valid: true, expires at: 1764024107056
[debug] [2025-11-24T21:41:48.652Z] Checked if tokens are valid: true, expires at: 1764024107056
[debug] [2025-11-24T21:41:48.652Z] >>> [apiv2][query] POST https://iam.googleapis.com/v1/projects/fah-bug-bashing-project-prince/serviceAccounts [none]
[debug] [2025-11-24T21:41:48.652Z] >>> [apiv2][body] POST https://iam.googleapis.com/v1/projects/fah-bug-bashing-project-prince/serviceAccounts {"accountId":"firebase-app-hosting-compute","serviceAccount":{"displayName":"Firebase App Hosting compute service account","description":"Default service account used to run builds and deploys for Firebase App Hosting"}}
[debug] [2025-11-24T21:41:48.827Z] <<< [apiv2][status] POST https://iam.googleapis.com/v1/projects/fah-bug-bashing-project-prince/serviceAccounts 409
[debug] [2025-11-24T21:41:48.828Z] <<< [apiv2][body] POST https://iam.googleapis.com/v1/projects/fah-bug-bashing-project-prince/serviceAccounts [omitted]
[debug] [2025-11-24T21:41:48.829Z] Checked if tokens are valid: true, expires at: 1764024107056
[debug] [2025-11-24T21:41:48.829Z] Checked if tokens are valid: true, expires at: 1764024107056
[debug] [2025-11-24T21:41:48.829Z] >>> [apiv2][query] POST https://cloudresourcemanager.googleapis.com/v1/projects/fah-bug-bashing-project-prince:getIamPolicy [none]
[debug] [2025-11-24T21:41:49.007Z] <<< [apiv2][status] POST https://cloudresourcemanager.googleapis.com/v1/projects/fah-bug-bashing-project-prince:getIamPolicy 200
[debug] [2025-11-24T21:41:49.007Z] <<< [apiv2][body] POST https://cloudresourcemanager.googleapis.com/v1/projects/fah-bug-bashing-project-prince:getIamPolicy {"version":1,"etag":"BwZEXcL0YKk=","bindings":[{"role":"roles/artifactregistry.serviceAgent","members":["serviceAccount:service-609036527793@gcp-sa-artifactregistry.iam.gserviceaccount.com"]},{"role":"roles/cloudbuild.builds.builder","members":["serviceAccount:609036527793@cloudbuild.gserviceaccount.com"]},{"role":"roles/cloudbuild.serviceAgent","members":["serviceAccount:service-609036527793@gcp-sa-cloudbuild.iam.gserviceaccount.com","serviceAccount:service-609036527793@gcp-sa-staging-cloudbuild.iam.gserviceaccount.com"]},{"role":"roles/containerregistry.ServiceAgent","members":["serviceAccount:service-609036527793@containerregistry.iam.gserviceaccount.com"]},{"role":"roles/developerconnect.readTokenAccessor","members":["serviceAccount:firebase-app-hosting-compute@fah-bug-bashing-project-prince.iam.gserviceaccount.com"]},{"role":"roles/developerconnect.serviceAgent","members":["serviceAccount:service-609036527793@gcp-sa-devconnect.iam.gserviceaccount.com","serviceAccount:service-609036527793@gcp-sa-staging-devconnect.iam.gserviceaccount.com"]},{"role":"roles/firebase.managementServiceAgent","members":["serviceAccount:service-609036527793@gcp-sa-firebase.iam.gserviceaccount.com"]},{"role":"roles/firebase.sdkAdminServiceAgent","members":["serviceAccount:firebase-adminsdk-fbsvc@fah-bug-bashing-project-prince.iam.gserviceaccount.com","serviceAccount:firebase-app-hosting-compute@fah-bug-bashing-project-prince.iam.gserviceaccount.com"]},{"role":"roles/firebaseapphosting.computeRunner","members":["serviceAccount:firebase-app-hosting-compute@fah-bug-bashing-project-prince.iam.gserviceaccount.com"]},{"role":"roles/firebaseapphosting.serviceAgent","members":["serviceAccount:service-609036527793@gcp-sa-firebaseapphosting.iam.gserviceaccount.com","serviceAccount:service-609036527793@gcp-sa-sta-firebaseapphosting.iam.gserviceaccount.com"]},{"role":"roles/iam.serviceAccountTokenCreator","members":["serviceAccount:firebase-adminsdk-fbsvc@fah-bug-bashing-project-prince.iam.gserviceaccount.com"]},{"role":"roles/logging.logWriter","members":["serviceAccount:firebase-app-hosting-compute@fah-bug-bashing-project-prince.iam.gserviceaccount.com"]},{"role":"roles/owner","members":["user:princedonkor@google.com"]},{"role":"roles/run.serviceAgent","members":["serviceAccount:service-609036527793@serverless-robot-prod.iam.gserviceaccount.com"]},{"role":"roles/secretmanager.admin","members":["serviceAccount:service-609036527793@gcp-sa-staging-devconnect.iam.gserviceaccount.com"]},{"role":"roles/secretmanager.admin_withcond_66d058048b7d24c81fe8","members":["serviceAccount:service-609036527793@gcp-sa-devconnect.iam.gserviceaccount.com"]},{"role":"roles/storage.objectViewer","members":["serviceAccount:firebase-app-hosting-compute@fah-bug-bashing-project-prince.iam.gserviceaccount.com"]}]}
[debug] [2025-11-24T21:41:49.008Z] Checked if tokens are valid: true, expires at: 1764024107056
[debug] [2025-11-24T21:41:49.008Z] Checked if tokens are valid: true, expires at: 1764024107056
[debug] [2025-11-24T21:41:49.008Z] >>> [apiv2][query] POST https://cloudresourcemanager.googleapis.com/v1/projects/fah-bug-bashing-project-prince:setIamPolicy [none]
[debug] [2025-11-24T21:41:49.008Z] >>> [apiv2][body] POST https://cloudresourcemanager.googleapis.com/v1/projects/fah-bug-bashing-project-prince:setIamPolicy {"policy":{"version":1,"etag":"BwZEXcL0YKk=","bindings":[{"role":"roles/artifactregistry.serviceAgent","members":["serviceAccount:service-609036527793@gcp-sa-artifactregistry.iam.gserviceaccount.com"]},{"role":"roles/cloudbuild.builds.builder","members":["serviceAccount:609036527793@cloudbuild.gserviceaccount.com"]},{"role":"roles/cloudbuild.serviceAgent","members":["serviceAccount:service-609036527793@gcp-sa-cloudbuild.iam.gserviceaccount.com","serviceAccount:service-609036527793@gcp-sa-staging-cloudbuild.iam.gserviceaccount.com"]},{"role":"roles/containerregistry.ServiceAgent","members":["serviceAccount:service-609036527793@containerregistry.iam.gserviceaccount.com"]},{"role":"roles/developerconnect.readTokenAccessor","members":["serviceAccount:firebase-app-hosting-compute@fah-bug-bashing-project-prince.iam.gserviceaccount.com"]},{"role":"roles/developerconnect.serviceAgent","members":["serviceAccount:service-609036527793@gcp-sa-devconnect.iam.gserviceaccount.com","serviceAccount:service-609036527793@gcp-sa-staging-devconnect.iam.gserviceaccount.com"]},{"role":"roles/firebase.managementServiceAgent","members":["serviceAccount:service-609036527793@gcp-sa-firebase.iam.gserviceaccount.com"]},{"role":"roles/firebase.sdkAdminServiceAgent","members":["serviceAccount:firebase-adminsdk-fbsvc@fah-bug-bashing-project-prince.iam.gserviceaccount.com","serviceAccount:firebase-app-hosting-compute@fah-bug-bashing-project-prince.iam.gserviceaccount.com"]},{"role":"roles/firebaseapphosting.computeRunner","members":["serviceAccount:firebase-app-hosting-compute@fah-bug-bashing-project-prince.iam.gserviceaccount.com"]},{"role":"roles/firebaseapphosting.serviceAgent","members":["serviceAccount:service-609036527793@gcp-sa-firebaseapphosting.iam.gserviceaccount.com","serviceAccount:service-609036527793@gcp-sa-sta-firebaseapphosting.iam.gserviceaccount.com"]},{"role":"roles/iam.serviceAccountTokenCreator","members":["serviceAccount:firebase-adminsdk-fbsvc@fah-bug-bashing-project-prince.iam.gserviceaccount.com"]},{"role":"roles/logging.logWriter","members":["serviceAccount:firebase-app-hosting-compute@fah-bug-bashing-project-prince.iam.gserviceaccount.com"]},{"role":"roles/owner","members":["user:princedonkor@google.com"]},{"role":"roles/run.serviceAgent","members":["serviceAccount:service-609036527793@serverless-robot-prod.iam.gserviceaccount.com"]},{"role":"roles/secretmanager.admin","members":["serviceAccount:service-609036527793@gcp-sa-staging-devconnect.iam.gserviceaccount.com"]},{"role":"roles/secretmanager.admin_withcond_66d058048b7d24c81fe8","members":["serviceAccount:service-609036527793@gcp-sa-devconnect.iam.gserviceaccount.com"]},{"role":"roles/storage.objectViewer","members":["serviceAccount:firebase-app-hosting-compute@fah-bug-bashing-project-prince.iam.gserviceaccount.com"]}]},"updateMask":"bindings"}
[debug] [2025-11-24T21:41:50.152Z] <<< [apiv2][status] POST https://cloudresourcemanager.googleapis.com/v1/projects/fah-bug-bashing-project-prince:setIamPolicy 200
[debug] [2025-11-24T21:41:50.153Z] <<< [apiv2][body] POST https://cloudresourcemanager.googleapis.com/v1/projects/fah-bug-bashing-project-prince:setIamPolicy {"version":1,"etag":"BwZEXgfipok=","bindings":[{"role":"roles/artifactregistry.serviceAgent","members":["serviceAccount:service-609036527793@gcp-sa-artifactregistry.iam.gserviceaccount.com"]},{"role":"roles/cloudbuild.builds.builder","members":["serviceAccount:609036527793@cloudbuild.gserviceaccount.com"]},{"role":"roles/cloudbuild.serviceAgent","members":["serviceAccount:service-609036527793@gcp-sa-cloudbuild.iam.gserviceaccount.com","serviceAccount:service-609036527793@gcp-sa-staging-cloudbuild.iam.gserviceaccount.com"]},{"role":"roles/containerregistry.ServiceAgent","members":["serviceAccount:service-609036527793@containerregistry.iam.gserviceaccount.com"]},{"role":"roles/developerconnect.readTokenAccessor","members":["serviceAccount:firebase-app-hosting-compute@fah-bug-bashing-project-prince.iam.gserviceaccount.com"]},{"role":"roles/developerconnect.serviceAgent","members":["serviceAccount:service-609036527793@gcp-sa-devconnect.iam.gserviceaccount.com","serviceAccount:service-609036527793@gcp-sa-staging-devconnect.iam.gserviceaccount.com"]},{"role":"roles/firebase.managementServiceAgent","members":["serviceAccount:service-609036527793@gcp-sa-firebase.iam.gserviceaccount.com"]},{"role":"roles/firebase.sdkAdminServiceAgent","members":["serviceAccount:firebase-adminsdk-fbsvc@fah-bug-bashing-project-prince.iam.gserviceaccount.com","serviceAccount:firebase-app-hosting-compute@fah-bug-bashing-project-prince.iam.gserviceaccount.com"]},{"role":"roles/firebaseapphosting.computeRunner","members":["serviceAccount:firebase-app-hosting-compute@fah-bug-bashing-project-prince.iam.gserviceaccount.com"]},{"role":"roles/firebaseapphosting.serviceAgent","members":["serviceAccount:service-609036527793@gcp-sa-firebaseapphosting.iam.gserviceaccount.com","serviceAccount:service-609036527793@gcp-sa-sta-firebaseapphosting.iam.gserviceaccount.com"]},{"role":"roles/iam.serviceAccountTokenCreator","members":["serviceAccount:firebase-adminsdk-fbsvc@fah-bug-bashing-project-prince.iam.gserviceaccount.com"]},{"role":"roles/logging.logWriter","members":["serviceAccount:firebase-app-hosting-compute@fah-bug-bashing-project-prince.iam.gserviceaccount.com"]},{"role":"roles/owner","members":["user:princedonkor@google.com"]},{"role":"roles/run.serviceAgent","members":["serviceAccount:service-609036527793@serverless-robot-prod.iam.gserviceaccount.com"]},{"role":"roles/secretmanager.admin","members":["serviceAccount:service-609036527793@gcp-sa-staging-devconnect.iam.gserviceaccount.com"]},{"role":"roles/secretmanager.admin_withcond_66d058048b7d24c81fe8","members":["serviceAccount:service-609036527793@gcp-sa-devconnect.iam.gserviceaccount.com"]},{"role":"roles/storage.objectViewer","members":["serviceAccount:firebase-app-hosting-compute@fah-bug-bashing-project-prince.iam.gserviceaccount.com"]}]}
[debug] [2025-11-24T21:41:50.153Z] Checked if tokens are valid: true, expires at: 1764024107056
[debug] [2025-11-24T21:41:50.153Z] Checked if tokens are valid: true, expires at: 1764024107056
[debug] [2025-11-24T21:41:50.153Z] >>> [apiv2][query] GET https://firebaseapphosting.googleapis.com/v1beta/projects/fah-bug-bashing-project-prince/locations/-/backends 
[debug] [2025-11-24T21:41:50.723Z] <<< [apiv2][status] GET https://firebaseapphosting.googleapis.com/v1beta/projects/fah-bug-bashing-project-prince/locations/-/backends 200
[debug] [2025-11-24T21:41:50.723Z] <<< [apiv2][body] GET https://firebaseapphosting.googleapis.com/v1beta/projects/fah-bug-bashing-project-prince/locations/-/backends {"backends":[{"name":"projects/fah-bug-bashing-project-prince/locations/us-central1/backends/todo-nextjs","createTime":"2025-11-06T21:19:49.364724071Z","updateTime":"2025-11-24T18:37:43.040182Z","uri":"todo-nextjs--fah-bug-bashing-project-prince.us-central1.hosted.app","managedResources":[{"runService":{"service":"projects/609036527793/locations/us-central1/services/todo-nextjs"}}],"codebase":{"repository":"projects/fah-bug-bashing-project-prince/locations/us-central1/connections/apphosting-github-conn-6pv7apv/gitRepositoryLinks/princedonkorGoogle-todo-nextjs","rootDirectory":"/"},"uid":"f3b3bb59-a86a-4619-bab5-9963e503a575","etag":"1kShW0uY4DDbVNdkq0Qwa9fUfdGRZgj9pVa5I9uFNpc","reconciling":false,"servingLocality":"GLOBAL_ACCESS","serviceAccount":"firebase-app-hosting-compute@fah-bug-bashing-project-prince.iam.gserviceaccount.com","appId":"1:609036527793:web:16581bfdc2c74638005a90"}]}
[info] i  apphosting: Found backend(s) todo-nextjs 
[debug] [2025-11-24T21:41:50.724Z] Checked if tokens are valid: true, expires at: 1764024107056
[debug] [2025-11-24T21:41:50.724Z] Checked if tokens are valid: true, expires at: 1764024107056
[debug] [2025-11-24T21:41:50.725Z] >>> [apiv2][query] GET https://developerconnect.googleapis.com/v1/projects/fah-bug-bashing-project-prince/locations/us-central1/connections/apphosting-github-conn-6pv7apv/gitRepositoryLinks/princedonkorGoogle-todo-nextjs [none]
[debug] [2025-11-24T21:41:51.102Z] <<< [apiv2][status] GET https://developerconnect.googleapis.com/v1/projects/fah-bug-bashing-project-prince/locations/us-central1/connections/apphosting-github-conn-6pv7apv/gitRepositoryLinks/princedonkorGoogle-todo-nextjs 200
[debug] [2025-11-24T21:41:51.102Z] <<< [apiv2][body] GET https://developerconnect.googleapis.com/v1/projects/fah-bug-bashing-project-prince/locations/us-central1/connections/apphosting-github-conn-6pv7apv/gitRepositoryLinks/princedonkorGoogle-todo-nextjs {"name":"projects/fah-bug-bashing-project-prince/locations/us-central1/connections/apphosting-github-conn-6pv7apv/gitRepositoryLinks/princedonkorGoogle-todo-nextjs","cloneUri":"https://github.com/princedonkorGoogle/todo-nextjs.git","createTime":"2025-11-06T21:19:11.443050445Z","updateTime":"2025-11-24T16:39:20.730015547Z"}
[debug] [2025-11-25T02:19:09.830Z] ExitPromptError: User force closed the prompt with SIGINT
    at Interface.sigint (/usr/local/lib/node_modules/firebase-tools/node_modules/@inquirer/core/dist/commonjs/lib/create-prompt.js:101:37)
    at Interface.emit (node:events:508:28)
    at Interface.emit (node:domain:489:12)
    at [_ttyWrite] [as _ttyWrite] (node:internal/readline/interface:1317:18)
    at ReadStream.onkeypress (node:internal/readline/interface:284:20)
    at ReadStream.emit (node:events:520:35)
    at ReadStream.emit (node:domain:489:12)
    at emitKeys (node:internal/readline/utils:371:14)
    at emitKeys.next (<anonymous>)
    at ReadStream.onData (node:internal/readline/emitKeypressEvents:64:36)
[error] 
[error] Error: An unexpected error has occurred.
